<?xml version="1.0" encoding="UTF-8"?>
<coverage generated="1739167133204" clover="3.2.0">
  <project timestamp="1739167133204" name="All files">
    <metrics statements="6" coveredstatements="5" conditionals="0" coveredconditionals="0" methods="3" coveredmethods="2" elements="9" coveredelements="7" complexity="0" loc="6" ncloc="6" packages="1" files="1" classes="1"/>
    <file name="Utils.ts" path="/Users/joonopohrchakma/Developer/jest-project/jest/src/app/Utils.ts">
      <metrics statements="6" coveredstatements="5" conditionals="0" coveredconditionals="0" methods="3" coveredmethods="2"/>
      <line num="2" count="1" type="stmt"/>
      <line num="4" count="1" type="stmt"/>
      <line num="8" count="1" type="stmt"/>
      <line num="9" count="1" type="stmt"/>
      <line num="20" count="1" type="stmt"/>
      <line num="21" count="0" type="stmt"/>
    </file>
  </project>
</coverage>
