<?xml version="1.0" encoding="UTF-8"?>
<coverage generated="1739178710988" clover="3.2.0">
  <project timestamp="1739178710988" name="All files">
    <metrics statements="8" coveredstatements="5" conditionals="1" coveredconditionals="1" methods="3" coveredmethods="1" elements="12" coveredelements="7" complexity="0" loc="8" ncloc="8" packages="1" files="1" classes="1"/>
    <file name="Utils.ts" path="/Users/joonopohrchakma/Developer/jest-project/jest/src/app/Utils.ts">
      <metrics statements="8" coveredstatements="5" conditionals="1" coveredconditionals="1" methods="3" coveredmethods="1"/>
      <line num="2" count="1" type="stmt"/>
      <line num="4" count="1" type="cond" truecount="1" falsecount="0"/>
      <line num="5" count="1" type="stmt"/>
      <line num="7" count="0" type="stmt"/>
      <line num="11" count="1" type="stmt"/>
      <line num="12" count="0" type="stmt"/>
      <line num="23" count="1" type="stmt"/>
      <line num="24" count="0" type="stmt"/>
    </file>
  </project>
</coverage>
